[debug] [2022-12-07T16:59:14.494Z] ----------------------------------------------------------------------
[debug] [2022-12-07T16:59:14.495Z] Command:       D:\Program Files (x86)\node.exe C:\Users\Mouche\AppData\Roaming\npm\node_modules\firebase-tools\lib\bin\firebase.js init
[debug] [2022-12-07T16:59:14.496Z] CLI Version:   11.16.1
[debug] [2022-12-07T16:59:14.496Z] Platform:      win32
[debug] [2022-12-07T16:59:14.496Z] Node Version:  v16.15.1
[debug] [2022-12-07T16:59:14.497Z] Time:          Wed Dec 07 2022 13:59:14 GMT-0300 (Argentina Standard Time)
[debug] [2022-12-07T16:59:14.497Z] ----------------------------------------------------------------------
[debug] 
[debug] [2022-12-07T16:59:14.499Z] >>> [apiv2][query] GET https://firebase-public.firebaseio.com/cli.json [none]
[debug] [2022-12-07T16:59:14.515Z] > command requires scopes: ["email","openid","https://www.googleapis.com/auth/cloudplatformprojects.readonly","https://www.googleapis.com/auth/firebase","https://www.googleapis.com/auth/cloud-platform"]
[debug] [2022-12-07T16:59:14.515Z] > authorizing via signed-in user (nicorosado.nr@gmail.com)
[info] 
     ######## #### ########  ######## ########     ###     ######  ########
     ##        ##  ##     ## ##       ##     ##  ##   ##  ##       ##
     ######    ##  ########  ######   ########  #########  ######  ######
     ##        ##  ##    ##  ##       ##     ## ##     ##       ## ##
     ##       #### ##     ## ######## ########  ##     ##  ######  ########

You're about to initialize a Firebase project in this directory:

  C:\Users\Mouche\Desktop\PROYECTOS REACT\Calculadora

[debug] [2022-12-07T16:59:14.888Z] <<< [apiv2][status] GET https://firebase-public.firebaseio.com/cli.json 200
[debug] [2022-12-07T16:59:14.889Z] <<< [apiv2][body] GET https://firebase-public.firebaseio.com/cli.json {"cloudBuildErrorAfter":1594252800000,"cloudBuildWarnAfter":1590019200000,"defaultNode10After":1594252800000,"minVersion":"3.0.5","node8DeploysDisabledAfter":1613390400000,"node8RuntimeDisabledAfter":1615809600000,"node8WarnAfter":1600128000000}
[debug] [2022-12-07T17:03:25.428Z] ----------------------------------------------------------------------
[debug] [2022-12-07T17:03:25.429Z] Command:       D:\Program Files (x86)\node.exe C:\Users\Mouche\AppData\Roaming\npm\node_modules\firebase-tools\lib\bin\firebase.js init hosting
[debug] [2022-12-07T17:03:25.430Z] CLI Version:   11.16.1
[debug] [2022-12-07T17:03:25.430Z] Platform:      win32
[debug] [2022-12-07T17:03:25.430Z] Node Version:  v16.15.1
[debug] [2022-12-07T17:03:25.431Z] Time:          Wed Dec 07 2022 14:03:25 GMT-0300 (Argentina Standard Time)
[debug] [2022-12-07T17:03:25.431Z] ----------------------------------------------------------------------
[debug] 
[debug] [2022-12-07T17:03:25.437Z] > command requires scopes: ["email","openid","https://www.googleapis.com/auth/cloudplatformprojects.readonly","https://www.googleapis.com/auth/firebase","https://www.googleapis.com/auth/cloud-platform"]
[debug] [2022-12-07T17:03:25.437Z] > authorizing via signed-in user (nicorosado.nr@gmail.com)
[info] 
     ######## #### ########  ######## ########     ###     ######  ########
     ##        ##  ##     ## ##       ##     ##  ##   ##  ##       ##
     ######    ##  ########  ######   ########  #########  ######  ######
     ##        ##  ##    ##  ##       ##     ## ##     ##       ## ##
     ##       #### ##     ## ######## ########  ##     ##  ######  ########

You're about to initialize a Firebase project in this directory:

  C:\Users\Mouche\Desktop\PROYECTOS REACT\Calculadora

[info] 
=== Project Setup
[info] 
[info] First, let's associate this project directory with a Firebase project.
[info] You can create multiple project aliases by running firebase use --add, 
[info] but for now we'll just set up a default project.
[info] 
[debug] [2022-12-07T17:04:03.903Z] > refreshing access token with scopes: []
[debug] [2022-12-07T17:04:03.904Z] >>> [apiv2][query] POST https://www.googleapis.com/oauth2/v3/token [none]
[debug] [2022-12-07T17:04:03.905Z] >>> [apiv2][body] POST https://www.googleapis.com/oauth2/v3/token [omitted]
[debug] [2022-12-07T17:04:04.061Z] <<< [apiv2][status] POST https://www.googleapis.com/oauth2/v3/token 200
[debug] [2022-12-07T17:04:04.061Z] <<< [apiv2][body] POST https://www.googleapis.com/oauth2/v3/token [omitted]
[debug] [2022-12-07T17:04:04.077Z] >>> [apiv2][query] GET https://firebase.googleapis.com/v1beta1/projects pageSize=100
[debug] [2022-12-07T17:04:04.752Z] <<< [apiv2][status] GET https://firebase.googleapis.com/v1beta1/projects 200
[debug] [2022-12-07T17:04:04.752Z] <<< [apiv2][body] GET https://firebase.googleapis.com/v1beta1/projects [omitted]
[info] i  Using project calculadora-react-ab424 (calculadora-react) 
[info] 
=== Hosting Setup
[info] 
[info] Your public directory is the folder (relative to your project directory) that
[info] will contain Hosting assets to be uploaded with firebase deploy. If you
[info] have a build process for your assets, use your build's output directory.
[info] 
[debug] [2022-12-07T17:04:30.354Z] >>> [apiv2][query] GET https://www.gstatic.com/firebasejs/releases.json [none]
[debug] [2022-12-07T17:04:30.502Z] <<< [apiv2][status] GET https://www.gstatic.com/firebasejs/releases.json 200
[debug] [2022-12-07T17:04:30.502Z] <<< [apiv2][body] GET https://www.gstatic.com/firebasejs/releases.json {"current":{"version":"9.14.0","browserURL":"https://www.gstatic.com/firebasejs/9.14.0/firebase.js","packageURL":"https://www.gstatic.com/firebasejs/9.14.0/firebase.tgz"},"live":{"version":"9.14","browserURL":"https://www.gstatic.com/firebasejs/live/9.14/firebase.js","packageURL":"https://www.gstatic.com/firebasejs/live/9.14/firebase.tgz"},"components":{"analytics":"https://www.gstatic.com/firebasejs/9.14.0/firebase-analytics.js","app":"https://www.gstatic.com/firebasejs/9.14.0/firebase-app.js","app-check":"https://www.gstatic.com/firebasejs/9.14.0/firebase-app-check.js","auth":"https://www.gstatic.com/firebasejs/9.14.0/firebase-auth.js","auth/cordova":"https://www.gstatic.com/firebasejs/9.14.0/firebase-auth/cordova.js","auth/react-native":"https://www.gstatic.com/firebasejs/9.14.0/firebase-auth/react-native.js","functions":"https://www.gstatic.com/firebasejs/9.14.0/firebase-functions.js","firestore":"https://www.gstatic.com/firebasejs/9.14.0/firebase-firestore.js","firestore/lite":"https://www.gstatic.com/firebasejs/9.14.0/firebase-firestore/lite.js","installations":"https://www.gstatic.com/firebasejs/9.14.0/firebase-installations.js","storage":"https://www.gstatic.com/firebasejs/9.14.0/firebase-storage.js","performance":"https://www.gstatic.com/firebasejs/9.14.0/firebase-performance.js","remote-config":"https://www.gstatic.com/firebasejs/9.14.0/firebase-remote-config.js","messaging":"https://www.gstatic.com/firebasejs/9.14.0/firebase-messaging.js","messaging/sw":"https://www.gstatic.com/firebasejs/9.14.0/firebase-messaging/sw.js","database":"https://www.gstatic.com/firebasejs/9.14.0/firebase-database.js","firestore.memory":"https://www.gstatic.com/firebasejs/9.14.0/firebase-firestore.memory.js"}}
[info] +  Wrote public/index.html 
[info] 
[info] i  Detected a .git folder at C:\Users\Mouche\Desktop\PROYECTOS REACT\Calculadora 
[info] i  Authorizing with GitHub to upload your service account to a GitHub repository's secrets store. 
[info] 
[info] Visit this URL on this device to log in:
[info] https://github.com/login/oauth/authorize?client_id=89cf50f02ac6aaed3484&state=716127914&redirect_uri=http%3A%2F%2Flocalhost%3A9005&scope=read%3Auser%20repo%20public_repo
[info] 
[info] Waiting for authentication...
[debug] [2022-12-07T17:04:56.884Z] >>> [apiv2][query] POST https://github.com/login/oauth/access_token [none]
[debug] [2022-12-07T17:04:56.884Z] >>> [apiv2][body] POST https://github.com/login/oauth/access_token [stream]
[debug] [2022-12-07T17:04:57.307Z] <<< [apiv2][status] POST https://github.com/login/oauth/access_token 200
[debug] [2022-12-07T17:04:57.307Z] <<< [apiv2][body] POST https://github.com/login/oauth/access_token {"access_token":"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","token_type":"bearer","scope":"read:user,repo"}
[debug] [2022-12-07T17:04:57.315Z] >>> [apiv2][query] GET https://api.github.com/user [none]
[debug] [2022-12-07T17:04:57.717Z] <<< [apiv2][status] GET https://api.github.com/user 200
[debug] [2022-12-07T17:04:57.717Z] <<< [apiv2][body] GET https://api.github.com/user {"login":"nicorosado","id":107895941,"node_id":"U_kgDOBm5chQ","avatar_url":"https://avatars.githubusercontent.com/u/107895941?v=4","gravatar_id":"","url":"https://api.github.com/users/nicorosado","html_url":"https://github.com/nicorosado","followers_url":"https://api.github.com/users/nicorosado/followers","following_url":"https://api.github.com/users/nicorosado/following{/other_user}","gists_url":"https://api.github.com/users/nicorosado/gists{/gist_id}","starred_url":"https://api.github.com/users/nicorosado/starred{/owner}{/repo}","subscriptions_url":"https://api.github.com/users/nicorosado/subscriptions","organizations_url":"https://api.github.com/users/nicorosado/orgs","repos_url":"https://api.github.com/users/nicorosado/repos","events_url":"https://api.github.com/users/nicorosado/events{/privacy}","received_events_url":"https://api.github.com/users/nicorosado/received_events","type":"User","site_admin":false,"name":null,"company":null,"blog":"","location":null,"email":null,"hireable":null,"bio":null,"twitter_username":null,"public_repos":3,"public_gists":0,"followers":1,"following":2,"created_at":"2022-06-21T00:13:52Z","updated_at":"2022-12-07T17:04:50Z","private_gists":0,"total_private_repos":0,"owned_private_repos":0,"disk_usage":4080,"collaborators":0,"two_factor_authentication":false,"plan":{"name":"free","space":976562499,"collaborators":0,"private_repos":10000}}
[info] 
[info] +  Success! Logged into GitHub as nicorosado 
[info] 
